0 info it worked if it ends with ok
1 verbose cli [ '/usr/bin/node', '/usr/bin/npm', 'publish' ]
2 info using npm@3.5.2
3 info using node@v6.11.4
4 verbose publish [ '.' ]
5 silly cache add args [ '.', null ]
6 verbose cache add spec .
7 silly cache add parsed spec Result {
7 silly cache add   raw: '.',
7 silly cache add   scope: null,
7 silly cache add   name: null,
7 silly cache add   rawSpec: '.',
7 silly cache add   spec: '/home/uroybd/repos/office-projects/bnunicode2ansi',
7 silly cache add   type: 'directory' }
8 verbose addLocalDirectory /home/uroybd/.npm/@codesigntheory/bnunicode2ansi/1.3.1/package.tgz not in flight; packing
9 info lifecycle @codesigntheory/bnunicode2ansi@1.3.1~prepublish: @codesigntheory/bnunicode2ansi@1.3.1
10 silly lifecycle @codesigntheory/bnunicode2ansi@1.3.1~prepublish: no script for prepublish, continuing
11 verbose tar pack [ '/home/uroybd/.npm/@codesigntheory/bnunicode2ansi/1.3.1/package.tgz',
11 verbose tar pack   '/home/uroybd/repos/office-projects/bnunicode2ansi' ]
12 verbose tarball /home/uroybd/.npm/@codesigntheory/bnunicode2ansi/1.3.1/package.tgz
13 verbose folder /home/uroybd/repos/office-projects/bnunicode2ansi
14 verbose addLocalTarball adding from inside cache /home/uroybd/.npm/@codesigntheory/bnunicode2ansi/1.3.1/package.tgz
15 silly cache afterAdd @codesigntheory/bnunicode2ansi@1.3.1
16 verbose afterAdd /home/uroybd/.npm/@codesigntheory/bnunicode2ansi/1.3.1/package/package.json not in flight; writing
17 verbose afterAdd /home/uroybd/.npm/@codesigntheory/bnunicode2ansi/1.3.1/package/package.json written
18 silly publish { name: '@codesigntheory/bnunicode2ansi',
18 silly publish   version: '1.3.1',
18 silly publish   description: 'A Bengali Unicode to ANSI text Converter',
18 silly publish   main: 'index.js',
18 silly publish   scripts: { test: 'echo "Error: no test specified" && exit 1' },
18 silly publish   repository:
18 silly publish    { type: 'git',
18 silly publish      url: 'git+https://github.com/codesigntheory/bnunicode2ansi.git' },
18 silly publish   keywords: [ 'Bengali', 'Bijoy', 'ANSI', 'Unicode', 'TextConverter' ],
18 silly publish   author: { name: 'Utsob Roy' },
18 silly publish   license: 'MIT',
18 silly publish   bugs: { url: 'https://github.com/codesigntheory/bnunicode2ansi/issues' },
18 silly publish   homepage: 'https://github.com/codesigntheory/bnunicode2ansi#readme',
18 silly publish   readme: '# bnUnicode2ANSI\n\nA unicode to ANSI (Text encoding used by Bijoy) Bengali text converter.\n\n\n### Usage\n\nImport and use. `bnUnicode2ANSI` is the function you need.\n\n```js\nbnUnicode2ANSI("আমার বাংলা টেক্সট")\n```\n\n### Development\n\nPure vanilla code. No external dependency needed. Clone -> Code -> Send pull request.\n\n\n### Issues?\n\nPlease open ticket in github.\n',
18 silly publish   readmeFilename: 'readme.md',
18 silly publish   gitHead: '35407ce25b71664f3d7566d9bae89f54701a6990',
18 silly publish   _id: '@codesigntheory/bnunicode2ansi@1.3.1',
18 silly publish   _shasum: 'ed7e0db30d2f0b4fd936818e6280b73bee2d3fa5',
18 silly publish   _from: '.' }
19 verbose getPublishConfig undefined
20 silly mapToRegistry name @codesigntheory/bnunicode2ansi
21 silly mapToRegistry scope (from package name) @codesigntheory
22 verbose mapToRegistry no registry URL found in name for scope @codesigntheory
23 silly mapToRegistry using default registry
24 silly mapToRegistry registry https://registry.npmjs.org/
25 silly mapToRegistry uri https://registry.npmjs.org/@codesigntheory%2fbnunicode2ansi
26 verbose publish registryBase https://registry.npmjs.org/
27 silly publish uploading /home/uroybd/.npm/@codesigntheory/bnunicode2ansi/1.3.1/package.tgz
28 verbose request uri https://registry.npmjs.org/@codesigntheory%2fbnunicode2ansi
29 verbose request sending authorization for write operation
30 info attempt registry request try #1 at 12:57:45 PM
31 verbose request using bearer token for auth
32 verbose request id 0588c6ef8e175e5f
33 http request PUT https://registry.npmjs.org/@codesigntheory%2fbnunicode2ansi
34 info retry will retry, error on last attempt: Error: connect ETIMEDOUT 151.101.8.162:443
35 info attempt registry request try #2 at 1:00:06 PM
36 verbose request using bearer token for auth
37 http request PUT https://registry.npmjs.org/@codesigntheory%2fbnunicode2ansi
38 http 402 https://registry.npmjs.org/@codesigntheory%2fbnunicode2ansi
39 verbose headers { 'content-type': 'application/json',
39 verbose headers   'cache-control': 'max-age=0',
39 verbose headers   'content-length': '49',
39 verbose headers   'accept-ranges': 'bytes',
39 verbose headers   date: 'Mon, 05 Mar 2018 07:00:07 GMT',
39 verbose headers   via: '1.1 varnish',
39 verbose headers   connection: 'keep-alive',
39 verbose headers   'x-served-by': 'cache-sin18027-SIN',
39 verbose headers   'x-cache': 'MISS',
39 verbose headers   'x-cache-hits': '0',
39 verbose headers   'x-timer': 'S1520233207.005330,VS0,VE896' }
40 verbose request invalidating /home/uroybd/.npm/registry.npmjs.org/_40codesigntheory_252fbnunicode2ansi on PUT
41 error publish Failed PUT 402
42 verbose stack Error: You must sign up for private packages : @codesigntheory/bnunicode2ansi
42 verbose stack     at makeError (/usr/share/npm/node_modules/npm-registry-client/lib/request.js:264:12)
42 verbose stack     at CachingRegistryClient.<anonymous> (/usr/share/npm/node_modules/npm-registry-client/lib/request.js:252:14)
42 verbose stack     at Request._callback (/usr/share/npm/node_modules/npm-registry-client/lib/request.js:172:14)
42 verbose stack     at Request.self.callback (/usr/share/npm/node_modules/request/request.js:198:22)
42 verbose stack     at emitTwo (events.js:106:13)
42 verbose stack     at Request.emit (events.js:191:7)
42 verbose stack     at Request.<anonymous> (/usr/share/npm/node_modules/request/request.js:1082:10)
42 verbose stack     at emitOne (events.js:101:20)
42 verbose stack     at Request.emit (events.js:188:7)
42 verbose stack     at IncomingMessage.<anonymous> (/usr/share/npm/node_modules/request/request.js:1009:12)
43 verbose statusCode 402
44 verbose pkgid @codesigntheory/bnunicode2ansi
45 verbose cwd /home/uroybd/repos/office-projects/bnunicode2ansi
46 error Linux 4.13.0-36-generic
47 error argv "/usr/bin/node" "/usr/bin/npm" "publish"
48 error node v6.11.4
49 error npm  v3.5.2
50 error code E402
51 error You must sign up for private packages : @codesigntheory/bnunicode2ansi
52 error If you need help, you may report this error at:
52 error     <https://github.com/npm/npm/issues>
53 verbose exit [ 1, true ]
